<?xml version="1.0" encoding="UTF-8"?>
<!-- Generated by org.testng.reporters.JUnitReportReporter -->
<testsuite hostname="DESKTOP-E2LP31Q" failures="0" tests="2" name="tests.LoginTest" time="46.584" errors="0" timestamp="2023-08-12T20:53:12 CDT" skipped="0">
  <testcase classname="tests.LoginTest" name="login" time="32.506"/>
  <testcase classname="tests.LoginTest" name="login" time="14.078"/>
</testsuite> <!-- tests.LoginTest -->
