<?xml version="1.0" encoding="UTF-8"?>
<!-- Generated by org.testng.reporters.JUnitReportReporter -->
<testsuite hostname="DESKTOP-E2LP31Q" failures="0" tests="2" name="tests.LoginTest" time="29.129" errors="0" timestamp="2023-08-07T12:21:33 CDT" skipped="0">
  <testcase classname="tests.LoginTest" name="login" time="8.197"/>
  <testcase classname="tests.LoginTest" name="login" time="20.932"/>
</testsuite> <!-- tests.LoginTest -->
