<?xml version="1.0" encoding="UTF-8"?>
<!-- Generated by org.testng.reporters.JUnitReportReporter -->
<testsuite hostname="DESKTOP-E2LP31Q" failures="0" tests="1" name="tests.SearchTest" time="0.001" errors="0" timestamp="2023-08-07T12:21:33 CDT" skipped="0">
  <testcase classname="tests.SearchTest" name="TestThree" time="0.001"/>
</testsuite> <!-- tests.SearchTest -->
