<?xml version="1.0" encoding="UTF-8"?>
<!-- Generated by org.testng.reporters.JUnitReportReporter -->
<testsuite hostname="DESKTOP-E2LP31Q" failures="0" tests="1" name="tests.RegisterTest" time="0.008" errors="0" timestamp="2023-08-07T12:21:33 CDT" skipped="0">
  <testcase classname="tests.RegisterTest" name="TestTwo" time="0.008"/>
</testsuite> <!-- tests.RegisterTest -->
